<?xml version="1.0" encoding="UTF-8"?>
<!-- Generated by org.testng.reporters.JUnitXMLReporter -->
<testsuite ignored="0" hostname="LAPTOP-15RETHE4" failures="1" tests="2" name="LoginPage" time="42.766" errors="0" timestamp="2024-12-19T10:30:42 IST">
  <testcase classname="com.crm.qa.testcases.ContactPageTest" name="verifyNewContact" time="5.249"/>
  <testcase classname="com.crm.qa.testcases.ContactPageTest" name="printContactText" time="0.072">
    <failure type="java.lang.AssertionError" message="expected [Contact] but found [Contacts]">
      <![CDATA[java.lang.AssertionError: expected [Contact] but found [Contacts]
at com.crm.qa.testcases.ContactPageTest.printContactText(ContactPageTest.java:37)
at java.base/java.util.ArrayList.forEach(ArrayList.java:1511)
... Removed 33 stack frames]]>
    </failure>
  </testcase> <!-- printContactText -->
</testsuite> <!-- LoginPage -->
