<?xml version="1.0" encoding="UTF-8"?>
<!-- Generated by org.testng.reporters.JUnitXMLReporter -->
<testsuite ignored="1" hostname="LAPTOP-15RETHE4" failures="0" tests="1" name="LoginPage" time="15.898" errors="0" timestamp="2024-12-10T11:26:03 IST">
  <testcase classname="com.crm.qa.testcases.LoginPageTest" name="validateLoginPageTitile" time="0.023"/>
  <testcase classname="com.crm.qa.testcases.LoginPageTest" name="login" time="0.0">
    <ignored/>
  </testcase> <!-- login -->
</testsuite> <!-- LoginPage -->
