<?xml version="1.0" encoding="UTF-8"?>
<!-- Generated by org.testng.reporters.JUnitXMLReporter -->
<testsuite ignored="0" hostname="LAPTOP-15RETHE4" failures="0" tests="7" name="All TestCases" time="139.701" errors="0" timestamp="2024-12-08T20:45:03 IST">
  <testcase classname="com.crm.qa.testcases.LoginPageTest" name="validateLoginPageTitile" time="0.035"/>
  <testcase classname="com.crm.qa.testcases.LoginPageTest" name="login" time="0.653"/>
  <testcase classname="com.crm.qa.testcases.HomePageTest" name="validateHomePageTitle" time="0.022"/>
  <testcase classname="com.crm.qa.testcases.HomePageTest" name="verifyAccountHolderName" time="3.147"/>
  <testcase classname="com.crm.qa.testcases.HomePageTest" name="verifyCalendarLinkTest" time="8.486"/>
  <testcase classname="com.crm.qa.testcases.CalendarPageTest" name="createCalendar" time="3.053"/>
  <testcase classname="com.crm.qa.testcases.CalendarPageTest" name="clickOnNextMonthCalendar" time="13.147"/>
</testsuite> <!-- All TestCases -->
